<?xml version="1.0" encoding="UTF-8"?>
<!-- Generated by org.testng.reporters.JUnitReportReporter -->
<testsuite hostname="SocioSquares" failures="0" tests="1" name="appbMySpotsaver.TC_003" time="5.741" errors="0" timestamp="2024-09-10T20:26:34 IST" skipped="0">
  <testcase classname="appbMySpotsaver.TC_003" name="verifyEmailIsIncorrect" time="5.741"/>
  <system-out/>
</testsuite> <!-- appbMySpotsaver.TC_003 -->
