<?xml version="1.0" encoding="UTF-8"?>
<!-- Generated by org.testng.reporters.JUnitReportReporter -->
<testsuite hostname="SocioSquares" failures="0" tests="1" name="niuHealth.LoginTest" time="10.383" errors="0" timestamp="2024-12-09T15:19:54 IST" skipped="0">
  <testcase classname="niuHealth.LoginTest" name="testLogin" time="10.383"/>
  <system-out/>
</testsuite> <!-- niuHealth.LoginTest -->
