<?xml version="1.0" encoding="UTF-8"?>
<!-- Generated by org.testng.reporters.JUnitReportReporter -->
<testsuite hostname="SocioSquares" failures="0" tests="1" name="appbMySpotsaver.TC_022" time="14.997" errors="0" timestamp="2024-10-16T17:11:47 IST" skipped="0">
  <testcase classname="appbMySpotsaver.TC_022" name="viewStoreDetails" time="14.997"/>
  <system-out/>
</testsuite> <!-- appbMySpotsaver.TC_022 -->
