<?xml version="1.0" encoding="UTF-8"?>
<!-- Generated by org.testng.reporters.JUnitReportReporter -->
<testsuite hostname="SocioSquares" failures="0" tests="1" name="appbMySpotsaver.TC_004" time="6.054" errors="0" timestamp="2024-09-10T20:33:51 IST" skipped="0">
  <testcase classname="appbMySpotsaver.TC_004" name="verifyPasswordFormatIsCorrect" time="6.054"/>
  <system-out/>
</testsuite> <!-- appbMySpotsaver.TC_004 -->
