<?xml version="1.0" encoding="UTF-8"?>
<!-- Generated by org.testng.reporters.JUnitReportReporter -->
<testsuite hostname="SocioSquares" failures="0" tests="3" name="appbMySpotsaver.TC_092_newBrowser" time="66.785" errors="0" timestamp="2024-10-15T20:11:43 IST" skipped="0">
  <testcase classname="appbMySpotsaver.TC_092_newBrowser" name="cancelAboveSavedSpot" time="21.499"/>
  <system-out/>
  <testcase classname="appbMySpotsaver.TC_092_newBrowser" name="testSaveSameSpotAgain" time="24.437"/>
  <system-out/>
  <testcase classname="appbMySpotsaver.TC_092_newBrowser" name="testSaveSpot1stTime" time="20.849"/>
  <system-out/>
</testsuite> <!-- appbMySpotsaver.TC_092_newBrowser -->
