<?xml version="1.0" encoding="UTF-8"?>
<!-- Generated by org.testng.reporters.JUnitReportReporter -->
<testsuite hostname="SocioSquares" failures="0" tests="1" name="niuHealth.NiuHealthCreateAnAccountTest" time="19.292" errors="0" timestamp="2025-01-08T18:29:46 IST" skipped="0">
  <testcase classname="niuHealth.NiuHealthCreateAnAccountTest" name="testCreateAccount" time="19.292"/>
  <system-out/>
</testsuite> <!-- niuHealth.NiuHealthCreateAnAccountTest -->
