<?xml version="1.0" encoding="UTF-8"?>
<!-- Generated by org.testng.reporters.JUnitReportReporter -->
<testsuite hostname="SocioSquares" failures="0" tests="1" name="appbMySpotsaver.TC_034" time="25.403" errors="0" timestamp="2024-10-15T21:46:51 IST" skipped="0">
  <testcase classname="appbMySpotsaver.TC_034" name="addPhoneNumber" time="25.403"/>
  <system-out/>
</testsuite> <!-- appbMySpotsaver.TC_034 -->
