<?xml version="1.0" encoding="UTF-8"?>
<!-- Generated by org.testng.reporters.JUnitReportReporter -->
<testsuite hostname="SocioSquares" failures="0" tests="1" name="appbMySpotsaver.StoreListTest" time="20.004" errors="0" timestamp="2024-09-03T19:38:12 IST" skipped="0">
  <testcase classname="appbMySpotsaver.StoreListTest" name="testLogin" time="20.004"/>
  <system-out/>
</testsuite> <!-- appbMySpotsaver.StoreListTest -->
