<?xml version="1.0" encoding="UTF-8"?>
<!-- Generated by org.testng.reporters.JUnitReportReporter -->
<testsuite hostname="SocioSquares" failures="0" tests="1" name="appbMySpotsaver.TC_012" time="9.198" errors="0" timestamp="2024-09-12T14:29:24 IST" skipped="0">
  <testcase classname="appbMySpotsaver.TC_012" name="testInvalidLogin" time="9.198"/>
  <system-out/>
</testsuite> <!-- appbMySpotsaver.TC_012 -->
