<?xml version="1.0" encoding="UTF-8"?>
<!-- Generated by org.testng.reporters.JUnitReportReporter -->
<testsuite hostname="SocioSquares" failures="0" tests="1" name="appbMySpotsaver.TC_025" time="26.306" errors="0" timestamp="2024-10-15T17:46:49 IST" skipped="0">
  <testcase classname="appbMySpotsaver.TC_025" name="testFavoritePage" time="26.306"/>
  <system-out/>
</testsuite> <!-- appbMySpotsaver.TC_025 -->
