<?xml version="1.0" encoding="UTF-8"?>
<!-- Generated by org.testng.reporters.JUnitReportReporter -->
<testsuite hostname="SocioSquares" failures="0" tests="1" name="appbMySpotsaver.TC_023" time="18.436" errors="0" timestamp="2024-10-15T17:29:10 IST" skipped="0">
  <testcase classname="appbMySpotsaver.TC_023" name="testFavorite" time="18.436"/>
  <system-out/>
</testsuite> <!-- appbMySpotsaver.TC_023 -->
