<?xml version="1.0" encoding="UTF-8"?>
<!-- Generated by org.testng.reporters.JUnitReportReporter -->
<testsuite hostname="SocioSquares" failures="0" tests="1" name="appbMySpotsaver.TC_009" time="11.458" errors="0" timestamp="2024-09-24T14:19:40 IST" skipped="0">
  <testcase classname="appbMySpotsaver.TC_009" name="testLogin" time="11.458"/>
  <system-out/>
</testsuite> <!-- appbMySpotsaver.TC_009 -->
