<?xml version="1.0" encoding="UTF-8"?>
<!-- Generated by org.testng.reporters.JUnitReportReporter -->
<testsuite hostname="SocioSquares" failures="0" tests="4" name="appbMySpotsaver.TestReportListenersScreenShot" time="76.759" errors="0" timestamp="2024-09-09T15:05:18 IST" skipped="0">
  <testcase classname="appbMySpotsaver.TestReportListenersScreenShot" name="TC_020" time="38.221"/>
  <system-out/>
  <testcase classname="appbMySpotsaver.TestReportListenersScreenShot" name="TC_010_new" time="19.022"/>
  <system-out/>
  <testcase classname="appbMySpotsaver.TestReportListenersScreenShot" name="TC_009_new" time="10.988"/>
  <system-out/>
  <testcase classname="appbMySpotsaver.TestReportListenersScreenShot" name="TC_011_new" time="8.528"/>
  <system-out/>
</testsuite> <!-- appbMySpotsaver.TestReportListenersScreenShot -->
