<?xml version="1.0" encoding="UTF-8"?>
<!-- Generated by org.testng.reporters.JUnitReportReporter -->
<testsuite hostname="SocioSquares" failures="0" tests="1" name="appbMySpotsaver.SearchStoreTest" time="14.577" errors="0" timestamp="2024-09-03T11:01:35 IST" skipped="0">
  <testcase classname="appbMySpotsaver.SearchStoreTest" name="testCancelAddressAndSearch" time="14.577"/>
  <system-out/>
</testsuite> <!-- appbMySpotsaver.SearchStoreTest -->
