<?xml version="1.0" encoding="UTF-8"?>
<!-- Generated by org.testng.reporters.JUnitReportReporter -->
<testsuite hostname="SocioSquares" failures="0" tests="2" name="niuHealth.FireFoxCancelVisitTest" time="61.588" errors="0" timestamp="2025-01-06T16:46:01 IST" skipped="0">
  <testcase classname="niuHealth.FireFoxCancelVisitTest" name="cancelVirtualVisitFromMyAppointment" time="28.764"/>
  <system-out/>
  <testcase classname="niuHealth.FireFoxCancelVisitTest" name="testCancelVisit" time="32.824"/>
  <system-out/>
</testsuite> <!-- niuHealth.FireFoxCancelVisitTest -->
