<?xml version="1.0" encoding="UTF-8"?>
<!-- Generated by org.testng.reporters.JUnitReportReporter -->
<testsuite hostname="SocioSquares" failures="0" tests="2" name="niuHealth.cancelVirtualVisit" time="51.329" errors="0" timestamp="2025-01-06T16:51:21 IST" skipped="0">
  <testcase classname="niuHealth.cancelVirtualVisit" name="cancelVirtualVisitFromMyAppointment" time="26.042"/>
  <system-out/>
  <testcase classname="niuHealth.cancelVirtualVisit" name="testCancelVisit" time="25.287"/>
  <system-out/>
</testsuite> <!-- niuHealth.cancelVirtualVisit -->
