<?xml version="1.0" encoding="UTF-8"?>
<!-- Generated by org.testng.reporters.JUnitReportReporter -->
<testsuite hostname="SocioSquares" failures="0" tests="1" name="test1.NIUSocial" time="20.168" errors="0" timestamp="2023-07-21T21:22:36 IST" skipped="0">
  <testcase classname="test1.NIUSocial" name="Log" time="20.168"/>
  <system-out/>
</testsuite> <!-- test1.NIUSocial -->
