<?xml version="1.0" encoding="UTF-8"?>
<!-- Generated by org.testng.reporters.JUnitReportReporter -->
<testsuite hostname="SocioSquares" failures="0" tests="1" name="appbMySpotsaver.TC_030" time="15.173" errors="0" timestamp="2024-09-25T20:28:03 IST" skipped="0">
  <testcase classname="appbMySpotsaver.TC_030" name="testMyCompletedSpots" time="15.173"/>
  <system-out/>
</testsuite> <!-- appbMySpotsaver.TC_030 -->
