<?xml version="1.0" encoding="UTF-8"?>
<!-- Generated by org.testng.reporters.JUnitReportReporter -->
<testsuite hostname="SocioSquares" failures="0" tests="1" name="niuHealth.invalidEmailLogin" time="20.534" errors="0" timestamp="2024-12-05T17:45:06 IST" skipped="0">
  <testcase classname="niuHealth.invalidEmailLogin" name="testLogin" time="20.534"/>
  <system-out/>
</testsuite> <!-- niuHealth.invalidEmailLogin -->
