<?xml version="1.0" encoding="UTF-8"?>
<!-- Generated by org.testng.reporters.JUnitReportReporter -->
<testsuite hostname="SocioSquares" failures="0" tests="4" name="appbMySpotsaver.LoginTestCases" time="58.633" errors="0" timestamp="2024-10-15T14:41:50 IST" skipped="0">
  <testcase classname="appbMySpotsaver.LoginTestCases" name="TC_010" time="9.392"/>
  <system-out/>
  <testcase classname="appbMySpotsaver.LoginTestCases" name="TC_012" time="8.388"/>
  <system-out/>
  <testcase classname="appbMySpotsaver.LoginTestCases" name="TC_011" time="29.648"/>
  <system-out/>
  <testcase classname="appbMySpotsaver.LoginTestCases" name="TC_009" time="11.205"/>
  <system-out/>
</testsuite> <!-- appbMySpotsaver.LoginTestCases -->
