<?xml version="1.0" encoding="UTF-8"?>
<!-- Generated by org.testng.reporters.JUnitReportReporter -->
<testsuite hostname="SocioSquares" failures="0" tests="1" name="appbMySpotsaver.TC_036" time="17.394" errors="0" timestamp="2024-10-18T15:47:19 IST" skipped="0">
  <testcase classname="appbMySpotsaver.TC_036" name="profileHelpSection" time="17.394"/>
  <system-out/>
</testsuite> <!-- appbMySpotsaver.TC_036 -->
