<?xml version="1.0" encoding="UTF-8"?>
<!-- Generated by org.testng.reporters.JUnitReportReporter -->
<testsuite hostname="SocioSquares" failures="0" tests="1" name="appbMySpotsaver.TestBrowserPojo" time="48.904" errors="0" timestamp="2024-09-03T14:17:04 IST" skipped="0">
  <testcase classname="appbMySpotsaver.TestBrowserPojo" name="reserveSpotVerify" time="48.904"/>
  <system-out/>
</testsuite> <!-- appbMySpotsaver.TestBrowserPojo -->
