<?xml version="1.0" encoding="UTF-8"?>
<!-- Generated by org.testng.reporters.JUnitReportReporter -->
<testsuite hostname="SocioSquares" failures="0" tests="1" name="appbMySpotsaver.TC_027" time="12.726" errors="0" timestamp="2024-10-18T17:25:41 IST" skipped="0">
  <testcase classname="appbMySpotsaver.TC_027" name="blankFavorites" time="12.726"/>
  <system-out/>
</testsuite> <!-- appbMySpotsaver.TC_027 -->
