<?xml version="1.0" encoding="UTF-8"?>
<!-- Generated by org.testng.reporters.JUnitReportReporter -->
<testsuite hostname="SocioSquares" failures="0" tests="2" name="test.TestPractice" time="0.027" errors="0" timestamp="2023-05-03T11:27:58 IST" skipped="0">
  <testcase classname="test.TestPractice" name="test12" time="0.004"/>
  <system-out/>
  <testcase classname="test.TestPractice" name="test11" time="0.023"/>
  <system-out/>
</testsuite> <!-- test.TestPractice -->
