<?xml version="1.0" encoding="UTF-8"?>
<!-- Generated by org.testng.reporters.JUnitReportReporter -->
<testsuite hostname="SocioSquares" failures="0" tests="2" name="appbMySpotsaver.TC_040" time="51.581" errors="0" timestamp="2024-09-27T15:56:16 IST" skipped="0">
  <testcase classname="appbMySpotsaver.TC_040" name="notDeleteAccount" time="24.817"/>
  <system-out/>
  <testcase classname="appbMySpotsaver.TC_040" name="accountDeletedSuccessfully" time="26.764"/>
  <system-out/>
</testsuite> <!-- appbMySpotsaver.TC_040 -->
