<?xml version="1.0" encoding="UTF-8"?>
<!-- Generated by org.testng.reporters.JUnitReportReporter -->
<testsuite hostname="SocioSquares" failures="0" tests="5" name="appbMySpotsaver.VisitorTestCases" time="149.548" errors="0" timestamp="2024-10-15T15:29:16 IST" skipped="0">
  <testcase classname="appbMySpotsaver.VisitorTestCases" name="TC_021_5" time="25.728"/>
  <system-out/>
  <testcase classname="appbMySpotsaver.VisitorTestCases" name="TC_021" time="41.975"/>
  <system-out/>
  <testcase classname="appbMySpotsaver.VisitorTestCases" name="TC_021_6" time="27.180"/>
  <system-out/>
  <testcase classname="appbMySpotsaver.VisitorTestCases" name="TC_020" time="31.188"/>
  <system-out/>
  <testcase classname="appbMySpotsaver.VisitorTestCases" name="TC_021_1" time="23.477"/>
  <system-out/>
</testsuite> <!-- appbMySpotsaver.VisitorTestCases -->
