<?xml version="1.0" encoding="UTF-8"?>
<!-- Generated by org.testng.reporters.JUnitReportReporter -->
<testsuite hostname="SocioSquares" failures="0" tests="5" name="niuHealth.AppV2EdgeLoginTest" time="48.540" errors="0" timestamp="2025-01-03T17:25:16 IST" skipped="0">
  <testcase classname="niuHealth.AppV2EdgeLoginTest" name="testBlankLogin" time="7.356"/>
  <system-out/>
  <testcase classname="niuHealth.AppV2EdgeLoginTest" name="testLogin" time="7.380"/>
  <system-out/>
  <testcase classname="niuHealth.AppV2EdgeLoginTest" name="testInvalidEmailLogin" time="17.239"/>
  <system-out/>
  <testcase classname="niuHealth.AppV2EdgeLoginTest" name="testEmailRequiredLogin" time="9.075"/>
  <system-out/>
  <testcase classname="niuHealth.AppV2EdgeLoginTest" name="testPasswordRequiredLogin" time="7.490"/>
  <system-out/>
</testsuite> <!-- niuHealth.AppV2EdgeLoginTest -->
