<?xml version="1.0" encoding="UTF-8"?>
<!-- Generated by org.testng.reporters.JUnitReportReporter -->
<testsuite hostname="SocioSquares" failures="0" tests="5" name="niuHealth.NiuLoginTestTestCases" time="82.360" errors="0" timestamp="2025-01-10T14:20:17 IST" skipped="0">
  <testcase classname="niuHealth.NiuLoginTestTestCases" name="testBlankLogin" time="10.090"/>
  <system-out/>
  <testcase classname="niuHealth.NiuLoginTestTestCases" name="testEmailRequiredLogin" time="28.315"/>
  <system-out/>
  <testcase classname="niuHealth.NiuLoginTestTestCases" name="testInvalidEmailLogin" time="21.036"/>
  <system-out/>
  <testcase classname="niuHealth.NiuLoginTestTestCases" name="testPasswordRequiredLogin" time="9.733"/>
  <system-out/>
  <testcase classname="niuHealth.NiuLoginTestTestCases" name="testLogin" time="13.186"/>
  <system-out/>
</testsuite> <!-- niuHealth.NiuLoginTestTestCases -->
