<?xml version="1.0" encoding="UTF-8"?>
<!-- Generated by org.testng.reporters.JUnitReportReporter -->
<testsuite hostname="SocioSquares" failures="0" tests="3" name="appbMySpotsaver.TC_002" time="27.820" errors="0" timestamp="2024-09-10T19:59:00 IST" skipped="0">
  <testcase classname="appbMySpotsaver.TC_002" name="verifyNameIsRequired" time="10.466"/>
  <system-out/>
  <testcase classname="appbMySpotsaver.TC_002" name="verifyEmailIsRequired" time="8.396"/>
  <system-out/>
  <testcase classname="appbMySpotsaver.TC_002" name="verifyPasswordIsRequired" time="8.958"/>
  <system-out/>
</testsuite> <!-- appbMySpotsaver.TC_002 -->
