<?xml version="1.0" encoding="UTF-8"?>
<!-- Generated by org.testng.reporters.JUnitReportReporter -->
<testsuite hostname="SocioSquares" failures="0" tests="2" name="appbMySpotsaver.TC_041" time="49.085" errors="0" timestamp="2024-09-12T14:59:48 IST" skipped="0">
  <testcase classname="appbMySpotsaver.TC_041" name="notLogOutTest" time="24.088"/>
  <system-out/>
  <testcase classname="appbMySpotsaver.TC_041" name="logOutTest" time="24.997"/>
  <system-out/>
</testsuite> <!-- appbMySpotsaver.TC_041 -->
