<?xml version="1.0" encoding="UTF-8"?>
<!-- Generated by org.testng.reporters.JUnitReportReporter -->
<testsuite hostname="SocioSquares" failures="0" tests="3" name="appbMySpotsaver.TC_092" time="74.861" errors="0" timestamp="2024-10-15T20:16:25 IST" skipped="0">
  <testcase classname="appbMySpotsaver.TC_092" name="testSaveSameSpotAgain" time="27.743"/>
  <system-out/>
  <testcase classname="appbMySpotsaver.TC_092" name="cancelAboveSavedSpot" time="23.150"/>
  <system-out/>
  <testcase classname="appbMySpotsaver.TC_092" name="testSaveSpot1stTime" time="23.968"/>
  <system-out/>
</testsuite> <!-- appbMySpotsaver.TC_092 -->
