<?xml version="1.0" encoding="UTF-8"?>
<!-- Generated by org.testng.reporters.JUnitReportReporter -->
<testsuite hostname="SocioSquares" failures="0" tests="5" name="niuHealth.edgeLoginTestCases" time="65.939" errors="0" timestamp="2025-01-06T16:56:41 IST" skipped="0">
  <testcase classname="niuHealth.edgeLoginTestCases" name="testBlankLogin" time="11.364"/>
  <system-out/>
  <testcase classname="niuHealth.edgeLoginTestCases" name="testPasswordRequiredLogin" time="11.226"/>
  <system-out/>
  <testcase classname="niuHealth.edgeLoginTestCases" name="testEmailRequiredLogin" time="10.920"/>
  <system-out/>
  <testcase classname="niuHealth.edgeLoginTestCases" name="testLoginOnEdgeBrowser" time="11.295"/>
  <system-out/>
  <testcase classname="niuHealth.edgeLoginTestCases" name="testInvalidEmailLogin" time="21.134"/>
  <system-out/>
</testsuite> <!-- niuHealth.edgeLoginTestCases -->
