<?xml version="1.0" encoding="UTF-8"?>
<!-- Generated by org.testng.reporters.JUnitReportReporter -->
<testsuite hostname="SocioSquares" failures="0" tests="1" name="appbMySpotsaver.TC_028" time="13.957" errors="0" timestamp="2024-09-25T20:11:57 IST" skipped="0">
  <testcase classname="appbMySpotsaver.TC_028" name="testMySpotsPage" time="13.957"/>
  <system-out/>
</testsuite> <!-- appbMySpotsaver.TC_028 -->
