<?xml version="1.0" encoding="UTF-8"?>
<!-- Generated by org.testng.reporters.JUnitReportReporter -->
<testsuite hostname="SocioSquares" failures="0" tests="1" name="appbMySpotsaver.TestCase01" time="16.495" errors="0" timestamp="2024-08-30T18:33:03 IST" skipped="0">
  <testcase classname="appbMySpotsaver.TestCase01" name="searchStore" time="16.495"/>
  <system-out/>
</testsuite> <!-- appbMySpotsaver.TestCase01 -->
