<?xml version="1.0" encoding="UTF-8"?>
<!-- Generated by org.testng.reporters.JUnitReportReporter -->
<testsuite hostname="SocioSquares" failures="0" tests="1" name="appbMySpotsaver.TC_038" time="14.113" errors="0" timestamp="2024-10-18T16:56:56 IST" skipped="0">
  <testcase classname="appbMySpotsaver.TC_038" name="profilePrivacyPolicySection" time="14.113"/>
  <system-out/>
</testsuite> <!-- appbMySpotsaver.TC_038 -->
