<?xml version="1.0" encoding="UTF-8"?>
<!-- Generated by org.testng.reporters.JUnitReportReporter -->
<testsuite hostname="SocioSquares" failures="0" tests="1" name="appbMySpotsaver.SearchTest" time="12.366" errors="0" timestamp="2024-09-02T21:24:10 IST" skipped="0">
  <testcase classname="appbMySpotsaver.SearchTest" name="testCancelAddressAndSearch" time="12.366"/>
  <system-out/>
</testsuite> <!-- appbMySpotsaver.SearchTest -->
