<?xml version="1.0" encoding="UTF-8"?>
<!-- Generated by org.testng.reporters.JUnitReportReporter -->
<testsuite hostname="SocioSquares" failures="0" tests="1" name="appbMySpotsaver.TC_017" time="16.314" errors="0" timestamp="2024-10-17T17:06:37 IST" skipped="0">
  <testcase classname="appbMySpotsaver.TC_017" name="viewStores" time="16.314"/>
  <system-out/>
</testsuite> <!-- appbMySpotsaver.TC_017 -->
