<?xml version="1.0" encoding="UTF-8"?>
<!-- Generated by org.testng.reporters.JUnitReportReporter -->
<testsuite hostname="SocioSquares" failures="0" tests="1" name="niuHealth.CreateAnAccountTest" time="10.678" errors="0" timestamp="2024-12-09T15:16:04 IST" skipped="0">
  <testcase classname="niuHealth.CreateAnAccountTest" name="testCreateAccount" time="10.678"/>
  <system-out/>
</testsuite> <!-- niuHealth.CreateAnAccountTest -->
