<?xml version="1.0" encoding="UTF-8"?>
<!-- Generated by org.testng.reporters.JUnitReportReporter -->
<testsuite hostname="SocioSquares" failures="0" tests="1" name="appbMySpotsaver.TC_021_5" time="25.161" errors="0" timestamp="2024-10-15T15:25:52 IST" skipped="0">
  <testcase classname="appbMySpotsaver.TC_021_5" name="cancelSavedSpot" time="25.161"/>
  <system-out/>
</testsuite> <!-- appbMySpotsaver.TC_021_5 -->
