<?xml version="1.0" encoding="UTF-8"?>
<!-- Generated by org.testng.reporters.JUnitReportReporter -->
<testsuite hostname="SocioSquares" failures="0" tests="7" name="appbMySpotsaver.CreateAccountTestCases" time="106.152" errors="0" timestamp="2024-10-15T14:38:03 IST" skipped="0">
  <testcase classname="appbMySpotsaver.CreateAccountTestCases" name="TC_002_3" time="9.985"/>
  <system-out/>
  <testcase classname="appbMySpotsaver.CreateAccountTestCases" name="TC_004" time="29.771"/>
  <system-out/>
  <testcase classname="appbMySpotsaver.CreateAccountTestCases" name="TC_002_1" time="5.552"/>
  <system-out/>
  <testcase classname="appbMySpotsaver.CreateAccountTestCases" name="TC_001" time="21.966"/>
  <system-out/>
  <testcase classname="appbMySpotsaver.CreateAccountTestCases" name="TC_002_2" time="5.962"/>
  <system-out/>
  <testcase classname="appbMySpotsaver.CreateAccountTestCases" name="TC_005" time="19.595"/>
  <system-out/>
  <testcase classname="appbMySpotsaver.CreateAccountTestCases" name="TC_003" time="13.321"/>
  <system-out/>
</testsuite> <!-- appbMySpotsaver.CreateAccountTestCases -->
