<?xml version="1.0" encoding="UTF-8"?>
<!-- Generated by org.testng.reporters.JUnitReportReporter -->
<testsuite hostname="SocioSquares" failures="0" tests="1" name="niuHealth.NiuInsuranceTest" time="14.380" errors="0" timestamp="2025-01-09T17:32:37 IST" skipped="0">
  <testcase classname="niuHealth.NiuInsuranceTest" name="testProfile" time="14.380"/>
  <system-out/>
</testsuite> <!-- niuHealth.NiuInsuranceTest -->
