<?xml version="1.0" encoding="UTF-8"?>
<!-- Generated by org.testng.reporters.JUnitReportReporter -->
<testsuite hostname="SocioSquares" failures="0" tests="1" name="appbMySpotsaver.TC_021_2" time="31.704" errors="0" timestamp="2024-09-03T17:36:31 IST" skipped="0">
  <testcase classname="appbMySpotsaver.TC_021_2" name="verifyReserveSpotButton" time="31.704"/>
  <system-out/>
</testsuite> <!-- appbMySpotsaver.TC_021_2 -->
