<?xml version="1.0" encoding="UTF-8"?>
<!-- Generated by org.testng.reporters.JUnitReportReporter -->
<testsuite hostname="SocioSquares" failures="0" tests="1" name="appbMySpotsaver.TC_021" time="46.422" errors="0" timestamp="2024-10-15T18:40:23 IST" skipped="0">
  <testcase classname="appbMySpotsaver.TC_021" name="searchStoreAndReserveSpot" time="46.422"/>
  <system-out/>
</testsuite> <!-- appbMySpotsaver.TC_021 -->
