<?xml version="1.0" encoding="UTF-8"?>
<!-- Generated by org.testng.reporters.JUnitReportReporter -->
<testsuite hostname="SocioSquares" failures="0" tests="7" name="appbMySpotsaver.ProfileTestCases1" time="151.095" errors="0" timestamp="2024-10-18T14:46:06 IST" skipped="0">
  <testcase classname="appbMySpotsaver.ProfileTestCases1" name="TC_035_1" time="18.980"/>
  <system-out/>
  <testcase classname="appbMySpotsaver.ProfileTestCases1" name="logOutTest" time="24.005"/>
  <system-out/>
  <testcase classname="appbMySpotsaver.ProfileTestCases1" name="TC_035" time="17.051"/>
  <system-out/>
  <testcase classname="appbMySpotsaver.ProfileTestCases1" name="TC_033" time="22.293"/>
  <system-out/>
  <testcase classname="appbMySpotsaver.ProfileTestCases1" name="TC_034" time="26.383"/>
  <system-out/>
  <testcase classname="appbMySpotsaver.ProfileTestCases1" name="TC_039" time="21.875"/>
  <system-out/>
  <testcase classname="appbMySpotsaver.ProfileTestCases1" name="notLogOutTest" time="20.508"/>
  <system-out/>
</testsuite> <!-- appbMySpotsaver.ProfileTestCases1 -->
