<?xml version="1.0" encoding="UTF-8"?>
<!-- Generated by org.testng.reporters.JUnitReportReporter -->
<testsuite hostname="SocioSquares" failures="0" tests="1" name="appbMySpotsaver.SelectStoreFromList" time="44.823" errors="0" timestamp="2024-09-12T15:17:25 IST" skipped="0">
  <testcase classname="appbMySpotsaver.SelectStoreFromList" name="searchStoreAndReserveSpot" time="44.823"/>
  <system-out/>
</testsuite> <!-- appbMySpotsaver.SelectStoreFromList -->
