<?xml version="1.0" encoding="UTF-8"?>
<!-- Generated by org.testng.reporters.JUnitReportReporter -->
<testsuite hostname="SocioSquares" failures="0" tests="6" name="appbMySpotsaver.TC_093" time="256.402" errors="0" timestamp="2024-10-02T18:39:10 IST" skipped="0">
  <testcase classname="appbMySpotsaver.TC_093" name="save4thSpot" time="42.950"/>
  <system-out/>
  <testcase classname="appbMySpotsaver.TC_093" name="save1stSpot" time="39.702"/>
  <system-out/>
  <testcase classname="appbMySpotsaver.TC_093" name="save5thSpot" time="41.939"/>
  <system-out/>
  <testcase classname="appbMySpotsaver.TC_093" name="save2ndSpot" time="44.966"/>
  <system-out/>
  <testcase classname="appbMySpotsaver.TC_093" name="save3rdSpot" time="42.431"/>
  <system-out/>
  <testcase classname="appbMySpotsaver.TC_093" name="save6thSpot" time="44.414"/>
  <system-out/>
</testsuite> <!-- appbMySpotsaver.TC_093 -->
