<?xml version="1.0" encoding="UTF-8"?>
<!-- Generated by org.testng.reporters.JUnitReportReporter -->
<testsuite hostname="SocioSquares" failures="0" tests="1" name="appbMySpotsaver.TC_033" time="14.667" errors="0" timestamp="2024-10-15T20:32:50 IST" skipped="0">
  <testcase classname="appbMySpotsaver.TC_033" name="verifyNameAndEmail" time="14.667"/>
  <system-out/>
</testsuite> <!-- appbMySpotsaver.TC_033 -->
