<?xml version="1.0" encoding="UTF-8"?>
<!-- Generated by org.testng.reporters.JUnitReportReporter -->
<testsuite hostname="SocioSquares" failures="0" tests="3" name="appbMySpotsaver.TestUsingReports" time="34.467" errors="0" timestamp="2024-09-08T16:17:45 IST" skipped="0">
  <testcase classname="appbMySpotsaver.TestUsingReports" name="TC_009" time="14.302"/>
  <system-out/>
  <testcase classname="appbMySpotsaver.TestUsingReports" name="TC_011" time="10.476"/>
  <system-out/>
  <testcase classname="appbMySpotsaver.TestUsingReports" name="TC_010" time="9.689"/>
  <system-out/>
</testsuite> <!-- appbMySpotsaver.TestUsingReports -->
