<?xml version="1.0" encoding="UTF-8"?>
<!-- Generated by org.testng.reporters.JUnitReportReporter -->
<testsuite hostname="SocioSquares" failures="0" tests="1" name="niuHealth.ProfileTest" time="17.812" errors="0" timestamp="2024-12-20T19:12:10 IST" skipped="0">
  <testcase classname="niuHealth.ProfileTest" name="testProfile" time="17.812"/>
  <system-out/>
</testsuite> <!-- niuHealth.ProfileTest -->
