<?xml version="1.0" encoding="UTF-8"?>
<!-- Generated by org.testng.reporters.JUnitReportReporter -->
<testsuite hostname="SocioSquares" failures="0" tests="1" name="niuHealth.Appv2LoginTest" time="6.516" errors="0" timestamp="2025-01-03T17:16:10 IST" skipped="0">
  <testcase classname="niuHealth.Appv2LoginTest" name="testLogin" time="6.516"/>
  <system-out/>
</testsuite> <!-- niuHealth.Appv2LoginTest -->
