<?xml version="1.0" encoding="UTF-8"?>
<!-- Generated by org.testng.reporters.JUnitReportReporter -->
<testsuite hostname="SocioSquares" failures="0" tests="1" name="appbMySpotsaver.ProfilePageSwitchTest" time="24.022" errors="0" timestamp="2024-09-11T21:08:45 IST" skipped="0">
  <testcase classname="appbMySpotsaver.ProfilePageSwitchTest" name="profilePageSwitch" time="24.022"/>
  <system-out/>
</testsuite> <!-- appbMySpotsaver.ProfilePageSwitchTest -->
