<?xml version="1.0" encoding="UTF-8"?>
<!-- Generated by org.testng.reporters.JUnitReportReporter -->
<testsuite hostname="SocioSquares" failures="0" tests="1" name="utility.LoginUsingJsonData" time="6.087" errors="0" timestamp="2024-08-30T21:40:20 IST" skipped="0">
  <testcase classname="utility.LoginUsingJsonData" name="testLogin" time="6.087"/>
  <system-out/>
</testsuite> <!-- utility.LoginUsingJsonData -->
