<?xml version="1.0" encoding="UTF-8"?>
<!-- Generated by org.testng.reporters.JUnitReportReporter -->
<testsuite hostname="SocioSquares" failures="0" tests="1" name="appbMySpotsaver.TestCaseOne" time="16.705" errors="0" timestamp="2024-07-31T17:15:35 IST" skipped="0">
  <testcase classname="appbMySpotsaver.TestCaseOne" name="searchStore" time="16.705"/>
  <system-out/>
</testsuite> <!-- appbMySpotsaver.TestCaseOne -->
