<?xml version="1.0" encoding="UTF-8"?>
<!-- Generated by org.testng.reporters.JUnitReportReporter -->
<testsuite hostname="SocioSquares" failures="0" tests="1" name="appbMySpotsaver.TC_020_jsonData" time="41.768" errors="0" timestamp="2024-08-30T22:00:53 IST" skipped="0">
  <testcase classname="appbMySpotsaver.TC_020_jsonData" name="saveSpot" time="41.768"/>
  <system-out/>
</testsuite> <!-- appbMySpotsaver.TC_020_jsonData -->
