<?xml version="1.0" encoding="UTF-8"?>
<!-- Generated by org.testng.reporters.JUnitReportReporter -->
<testsuite hostname="SocioSquares" failures="0" tests="1" name="niuHealth.firefoxLoginTestCases" time="11.281" errors="0" timestamp="2025-01-09T17:11:48 IST" skipped="0">
  <testcase classname="niuHealth.firefoxLoginTestCases" name="testLoginOnFireFoxBrowser" time="11.281"/>
  <system-out/>
</testsuite> <!-- niuHealth.firefoxLoginTestCases -->
