<?xml version="1.0" encoding="UTF-8"?>
<!-- Generated by org.testng.reporters.JUnitReportReporter -->
<testsuite hostname="SocioSquares" failures="0" tests="1" name="niuHealth.NiuHealthSubscriptionTest" time="14.792" errors="0" timestamp="2025-01-09T17:12:44 IST" skipped="0">
  <testcase classname="niuHealth.NiuHealthSubscriptionTest" name="testSubscription" time="14.792"/>
  <system-out/>
</testsuite> <!-- niuHealth.NiuHealthSubscriptionTest -->
