<?xml version="1.0" encoding="UTF-8"?>
<!-- Generated by org.testng.reporters.JUnitReportReporter -->
<testsuite hostname="SocioSquares" failures="0" tests="1" name="appbMySpotsaver.TC_011" time="8.969" errors="0" timestamp="2024-09-05T20:13:26 IST" skipped="0">
  <testcase classname="appbMySpotsaver.TC_011" name="testInvalidLogin" time="8.969"/>
  <system-out/>
</testsuite> <!-- appbMySpotsaver.TC_011 -->
