<?xml version="1.0" encoding="UTF-8"?>
<!-- Generated by org.testng.reporters.JUnitReportReporter -->
<testsuite hostname="SocioSquares" failures="0" tests="1" name="appbMySpotsaver.TC_020" time="24.749" errors="0" timestamp="2024-10-15T15:10:18 IST" skipped="0">
  <testcase classname="appbMySpotsaver.TC_020" name="testSaveSpot" time="24.749"/>
  <system-out/>
</testsuite> <!-- appbMySpotsaver.TC_020 -->
