<?xml version="1.0" encoding="UTF-8"?>
<!-- Generated by org.testng.reporters.JUnitReportReporter -->
<testsuite hostname="SocioSquares" failures="0" tests="1" name="niuHealth.NiuCreateAccountAndSubscribe" time="26.908" errors="0" timestamp="2025-01-08T19:29:23 IST" skipped="0">
  <testcase classname="niuHealth.NiuCreateAccountAndSubscribe" name="testSuccessfulSubscription" time="26.908"/>
  <system-out/>
</testsuite> <!-- niuHealth.NiuCreateAccountAndSubscribe -->
