<?xml version="1.0" encoding="UTF-8"?>
<!-- Generated by org.testng.reporters.JUnitReportReporter -->
<testsuite hostname="SocioSquares" failures="0" tests="1" name="appbMySpotsaver.TC_021_1" time="18.234" errors="0" timestamp="2024-10-15T14:59:47 IST" skipped="0">
  <testcase classname="appbMySpotsaver.TC_021_1" name="verifyDate" time="18.234"/>
  <system-out/>
</testsuite> <!-- appbMySpotsaver.TC_021_1 -->
