<?xml version="1.0" encoding="UTF-8"?>
<!-- Generated by org.testng.reporters.JUnitReportReporter -->
<testsuite hostname="SocioSquares" failures="0" tests="3" name="appbMySpotsaver.FavoritesTestCases" time="98.624" errors="0" timestamp="2024-10-15T17:53:40 IST" skipped="0">
  <testcase classname="appbMySpotsaver.FavoritesTestCases" name="TC_024" time="38.792"/>
  <system-out/>
  <testcase classname="appbMySpotsaver.FavoritesTestCases" name="TC_025" time="39.480"/>
  <system-out/>
  <testcase classname="appbMySpotsaver.FavoritesTestCases" name="TC_023" time="20.352"/>
  <system-out/>
</testsuite> <!-- appbMySpotsaver.FavoritesTestCases -->
