<?xml version="1.0" encoding="UTF-8"?>
<!-- Generated by org.testng.reporters.JUnitReportReporter -->
<testsuite hostname="SocioSquares" failures="0" tests="1" name="appbMySpotsaver.TC_035" time="15.365" errors="0" timestamp="2024-10-15T22:00:31 IST" skipped="0">
  <testcase classname="appbMySpotsaver.TC_035" name="toggleEmailNotificationPref" time="15.365"/>
  <system-out/>
</testsuite> <!-- appbMySpotsaver.TC_035 -->
