<?xml version="1.0" encoding="UTF-8"?>
<!-- Generated by org.testng.reporters.JUnitReportReporter -->
<testsuite hostname="SocioSquares" failures="0" tests="1" name="appbMySpotsaver.TC_039" time="14.674" errors="0" timestamp="2024-09-26T15:44:57 IST" skipped="0">
  <testcase classname="appbMySpotsaver.TC_039" name="changePassword" time="14.674"/>
  <system-out/>
</testsuite> <!-- appbMySpotsaver.TC_039 -->
