<?xml version="1.0" encoding="UTF-8"?>
<!-- Generated by org.testng.reporters.JUnitReportReporter -->
<testsuite hostname="SocioSquares" failures="0" tests="1" name="appbMySpotsaver.TC_005" time="7.783" errors="0" timestamp="2024-09-11T17:09:41 IST" skipped="0">
  <testcase classname="appbMySpotsaver.TC_005" name="createNewUserAccount" time="7.783"/>
  <system-out/>
</testsuite> <!-- appbMySpotsaver.TC_005 -->
