<?xml version="1.0" encoding="UTF-8"?>
<!-- Generated by org.testng.reporters.JUnitReportReporter -->
<testsuite hostname="SocioSquares" failures="0" tests="2" name="appbMySpotsaver.ProfileTestCases2" time="43.803" errors="0" timestamp="2024-10-17T17:42:20 IST" skipped="0">
  <testcase classname="appbMySpotsaver.ProfileTestCases2" name="notDeleteAccount" time="28.259"/>
  <system-out/>
  <testcase classname="appbMySpotsaver.ProfileTestCases2" name="accountDeletedSuccessfully" time="15.544"/>
  <system-out/>
</testsuite> <!-- appbMySpotsaver.ProfileTestCases2 -->
