<?xml version="1.0" encoding="UTF-8"?>
<!-- Generated by org.testng.reporters.JUnitReportReporter -->
<testsuite hostname="SocioSquares" failures="0" tests="1" name="appbMySpotsaver.TestCase02" time="43.048" errors="0" timestamp="2024-08-27T20:04:00 IST" skipped="0">
  <testcase classname="appbMySpotsaver.TestCase02" name="reserveSpot" time="43.048"/>
  <system-out/>
</testsuite> <!-- appbMySpotsaver.TestCase02 -->
