<?xml version="1.0" encoding="UTF-8"?>
<!-- Generated by org.testng.reporters.JUnitReportReporter -->
<testsuite hostname="SocioSquares" failures="0" tests="1" name="appbMySpotsaver.TC_024" time="21.935" errors="0" timestamp="2024-10-15T17:46:01 IST" skipped="0">
  <testcase classname="appbMySpotsaver.TC_024" name="testToRemoveFavorite" time="21.935"/>
  <system-out/>
</testsuite> <!-- appbMySpotsaver.TC_024 -->
