<?xml version="1.0" encoding="UTF-8"?>
<!-- Generated by org.testng.reporters.JUnitReportReporter -->
<testsuite hostname="SocioSquares" failures="0" tests="1" name="appbMySpotsaver.TC_026" time="12.910" errors="0" timestamp="2024-10-18T17:25:13 IST" skipped="0">
  <testcase classname="appbMySpotsaver.TC_026" name="editFavorites" time="12.910"/>
  <system-out/>
</testsuite> <!-- appbMySpotsaver.TC_026 -->
