<?xml version="1.0" encoding="UTF-8"?>
<!-- Generated by org.testng.reporters.JUnitReportReporter -->
<testsuite hostname="SocioSquares" failures="0" tests="1" name="appbMySpotsaver.TC_016" time="17.417" errors="0" timestamp="2024-10-18T15:17:21 IST" skipped="0">
  <testcase classname="appbMySpotsaver.TC_016" name="viewStores" time="17.417"/>
  <system-out/>
</testsuite> <!-- appbMySpotsaver.TC_016 -->
