<?xml version="1.0" encoding="UTF-8"?>
<!-- Generated by org.testng.reporters.JUnitReportReporter -->
<testsuite hostname="SocioSquares" failures="0" tests="6" name="appbMySpotsaver.TC_093_Copy" time="229.011" errors="0" timestamp="2024-09-27T17:00:21 IST" skipped="0">
  <testcase classname="appbMySpotsaver.TC_093_Copy" name="save1stSpot" time="37.331"/>
  <system-out/>
  <testcase classname="appbMySpotsaver.TC_093_Copy" name="save2ndSpot" time="40.015"/>
  <system-out/>
  <testcase classname="appbMySpotsaver.TC_093_Copy" name="save3rdSpot" time="36.420"/>
  <system-out/>
  <testcase classname="appbMySpotsaver.TC_093_Copy" name="save5thSpot" time="40.149"/>
  <system-out/>
  <testcase classname="appbMySpotsaver.TC_093_Copy" name="save4thSpot" time="36.858"/>
  <system-out/>
  <testcase classname="appbMySpotsaver.TC_093_Copy" name="save6thSpot" time="38.238"/>
  <system-out/>
</testsuite> <!-- appbMySpotsaver.TC_093_Copy -->
