<?xml version="1.0" encoding="UTF-8"?>
<!-- Generated by org.testng.reporters.JUnitReportReporter -->
<testsuite hostname="SocioSquares" failures="0" tests="1" name="testOnAppA.Test0" time="0.506" errors="0" timestamp="2023-11-06T16:38:03 IST" skipped="0">
  <testcase classname="testOnAppA.Test0" name="pract" time="0.506"/>
  <system-out/>
</testsuite> <!-- testOnAppA.Test0 -->
