<?xml version="1.0" encoding="UTF-8"?>
<!-- Generated by org.testng.reporters.JUnitReportReporter -->
<testsuite hostname="SocioSquares" failures="0" tests="1" name="niuHealth.edgeLogin" time="13.697" errors="0" timestamp="2024-12-12T20:57:54 IST" skipped="0">
  <testcase classname="niuHealth.edgeLogin" name="testLogin" time="13.697"/>
  <system-out/>
</testsuite> <!-- niuHealth.edgeLogin -->
