<?xml version="1.0" encoding="UTF-8"?>
<!-- Generated by org.testng.reporters.JUnitReportReporter -->
<testsuite hostname="SocioSquares" failures="0" tests="1" name="niuHealth.NiuSubscriptionTest" time="17.455" errors="0" timestamp="2025-01-08T18:21:54 IST" skipped="0">
  <testcase classname="niuHealth.NiuSubscriptionTest" name="testSubscribedPlans" time="17.455"/>
  <system-out/>
</testsuite> <!-- niuHealth.NiuSubscriptionTest -->
